<APIProxy revision="2" name="test-apikey">
    <DisplayName></DisplayName>
    <Description></Description>
    <CreatedAt>1693997603102</CreatedAt>
    <LastModifiedAt>1693997603102</LastModifiedAt>
    <BasePaths>/v1/test-apikey</BasePaths>
    <Policies>
        <Policy>Verify-API-Key-1</Policy>
    </Policies>
    <ProxyEndpoints>
        <ProxyEndpoint>default</ProxyEndpoint>
    </ProxyEndpoints>
    <TargetEndpoints>
        <TargetEndpoint>default</TargetEndpoint>
    </TargetEndpoints>
</APIProxy>