<APIProxy revision="1" name="test-world">
    <DisplayName>Hello World</DisplayName>
    <Description>An example API proxy.</Description>
    <CreatedAt>1692985642896</CreatedAt>
    <LastModifiedAt>1692985642896</LastModifiedAt>
    <BasePaths>/hello-world</BasePaths>
    <ProxyEndpoints>
        <ProxyEndpoint>default</ProxyEndpoint>
    </ProxyEndpoints>
    <TargetEndpoints>
        <TargetEndpoint>default</TargetEndpoint>
    </TargetEndpoints>
</APIProxy>